#just an example since the full file is too large

<Data Name='TargetUserName'>WS109$</Data>
<Data Name='TargetDomainName'>AFC</Data><Data Name='TargetLogonId'>0x3364a91</Data><Data Name='LogonType'>3</Data><Data Name='LogonProcessName'>Kerberos</Data><Data Name='AuthenticationPackageName'>Kerberos</Data><Data Name='WorkstationName'></Data><Data Name='LogonGuid'>{5097ADEA-06CE-CFF4-9EB8-C3DB55275C17}</Data><Data Name='TransmittedServices'>-</Data><Data Name='LmPackageName'>-</Data><Data Name='KeyLength'>0</Data><Data Name='ProcessId'>0x0</Data><Data Name='ProcessName'>-</Data><Data Name='IpAddress'>192.168.2.118</Data><Data Name='IpPort'>3787</Data></EventData></Event>
<Event xmlns='http://schemas.microsoft.com/win/2004/08/events/event'><System><Provider Name='Microsoft-Windows-Security-Auditing' Guid='{54849625-5478-4994-A5BA-3E3B0328C30D}'/>
<EventID>4624</EventID>
<Version>0</Version><Level>0</Level><Task>12544</Task><Opcode>0</Opcode><Keywords>0x8020000000000000</Keywords><TimeCreated SystemTime='2011-04-15T15:00:08.906250000Z'/>
<EventRecordID>1332687</EventRecordID><Correlation/><Execution ProcessID='452' ThreadID='3224'/><Channel>Security</Channel><Computer>DC01.AFC.com</Computer><Security/></System>
<EventData><Data Name='SubjectUserSid'>S-1-0-0</Data><Data Name='SubjectUserName'>-</Data><Data Name='SubjectDomainName'>-</Data><Data Name='SubjectLogonId'>0x0</Data><Data Name='TargetUserSid'>S-1-5-21-2795111079-3225111112-3329435632-1147</Data>
<Data Name='TargetUserName'>WS012$</Data>
<Data Name='TargetDomainName'>AFC</Data><Data Name='TargetLogonId'>0x3364a6c</Data><Data Name='LogonType'>3</Data><Data Name='LogonProcessName'>Kerberos</Data><Data Name='AuthenticationPackageName'>Kerberos</Data><Data Name='WorkstationName'></Data><Data Name='LogonGuid'>{7A9CBAA0-DF13-F9FB-EF5A-3025D7028810}</Data><Data Name='TransmittedServices'>-</Data><Data Name='LmPackageName'>-</Data><Data Name='KeyLength'>0</Data><Data Name='ProcessId'>0x0</Data><Data Name='ProcessName'>-</Data><Data Name='IpAddress'>192.168.2.55</Data><Data Name='IpPort'>3334</Data></EventData></Event>
<Event xmlns='http://schemas.microsoft.com/win/2004/08/events/event'><System><Provider Name='Microsoft-Windows-Security-Auditing' Guid='{54849625-5478-4994-A5BA-3E3B0328C30D}'/>
<EventID>4624</EventID>
<Version>0</Version><Level>0</Level><Task>12544</Task><Opcode>0</Opcode><Keywords>0x8020000000000000</Keywords><TimeCreated SystemTime='2011-04-15T15:00:06.718750000Z'/>
<EventRecordID>1332685</EventRecordID><Correlation/><Execution ProcessID='452' ThreadID='3224'/><Channel>Security</Channel><Computer>DC01.AFC.com</Computer><Security/></System>
<EventData><Data Name='SubjectUserSid'>S-1-0-0</Data><Data Name='SubjectUserName'>-</Data><Data Name='SubjectDomainName'>-</Data><Data Name='SubjectLogonId'>0x0</Data><Data Name='TargetUserSid'>S-1-5-21-2795111079-3225111112-3329435632-1189</Data>
<Data Name='TargetUserName'>WS024$</Data>
<Data Name='TargetDomainName'>AFC</Data><Data Name='TargetLogonId'>0x3364a52</Data><Data Name='LogonType'>3</Data><Data Name='LogonProcessName'>Kerberos</Data><Data Name='AuthenticationPackageName'>Kerberos</Data><Data Name='WorkstationName'></Data><Data Name='LogonGuid'>{19AF7E3E-DCF4-8EA0-24D4-F71E0AD72553}</Data><Data Name='TransmittedServices'>-</Data><Data Name='LmPackageName'>-</Data><Data Name='KeyLength'>0</Data><Data Name='ProcessId'>0x0</Data><Data Name='ProcessName'>-</Data><Data Name='IpAddress'>192.168.2.44</Data><Data Name='IpPort'>3198</Data></EventData></Event>
<Event xmlns='http://schemas.microsoft.com/win/2004/08/events/event'><System><Provider Name='Microsoft-Windows-Security-Auditing' Guid='{54849625-5478-4994-A5BA-3E3B0328C30D}'/>
<EventID>4624</EventID>
<Version>0</Version><Level>0</Level><Task>12544</Task><Opcode>0</Opcode><Keywords>0x8020000000000000</Keywords><TimeCreated SystemTime='2011-04-15T15:00:06.187500000Z'/>
<EventRecordID>1332684</EventRecordID><Correlation/><Execution ProcessID='452' ThreadID='3224'/><Channel>Security</Channel><Computer>DC01.AFC.com</Computer><Security/></System>
<EventData><Data Name='SubjectUserSid'>S-1-0-0</Data><Data Name='SubjectUserName'>-</Data><Data Name='SubjectDomainName'>-</Data><Data Name='SubjectLogonId'>0x0</Data><Data Name='TargetUserSid'>S-1-5-21-2795111079-3225111112-3329435632-1166</Data>
<Data Name='TargetUserName'>WS018$</Data>
<Data Name='TargetDomainName'>AFC</Data><Data Name='TargetLogonId'>0x3364a43</Data><Data Name='LogonType'>3</Data><Data Name='LogonProcessName'>Kerberos</Data><Data Name='AuthenticationPackageName'>Kerberos</Data><Data Name='WorkstationName'></Data><Data Name='LogonGuid'>{F98EE965-2B56-8A96-F487-C2F2FAFFE0F3}</Data><Data Name='TransmittedServices'>-</Data><Data Name='LmPackageName'>-</Data><Data Name='KeyLength'>0</Data><Data Name='ProcessId'>0x0</Data><Data Name='ProcessName'>-</Data><Data Name='IpAddress'>192.168.2.47</Data><Data Name='IpPort'>3060</Data></EventData></Event>
<Event xmlns='http://schemas.microsoft.com/win/2004/08/events/event'><System><Provider Name='Microsoft-Windows-Security-Auditing' Guid='{54849625-5478-4994-A5BA-3E3B0328C30D}'/>
<EventID>4624</EventID>
<Version>0</Version><Level>0</Level><Task>12544</Task><Opcode>0</Opcode><Keywords>0x8020000000000000</Keywords><TimeCreated SystemTime='2011-04-15T15:00:05.656250000Z'/>
<EventRecordID>1332682</EventRecordID><Correlation/><Execution ProcessID='452' ThreadID='3844'/><Channel>Security</Channel><Computer>DC01.AFC.com</Computer><Security/></System>
<EventData><Data Name='SubjectUserSid'>S-1-0-0</Data><Data Name='SubjectUserName'>-</Data><Data Name='SubjectDomainName'>-</Data><Data Name='SubjectLogonId'>0x0</Data><Data Name='TargetUserSid'>S-1-5-18</Data>
<Data Name='TargetUserName'>DC01$</Data>
<Data Name='TargetDomainName'>AFC</Data><Data Name='TargetLogonId'>0x3364a29</Data><Data Name='LogonType'>3</Data><Data Name='LogonProcessName'>Kerberos</Data><Data Name='AuthenticationPackageName'>Kerberos</Data><Data Name='WorkstationName'></Data><Data Name='LogonGuid'>{DD894A77-A261-5436-0AC5-80F531BEC4AD}</Data><Data Name='TransmittedServices'>-</Data><Data Name='LmPackageName'>-</Data><Data Name='KeyLength'>0</Data><Data Name='ProcessId'>0x0</Data><Data Name='ProcessName'>-</Data><Data Name='IpAddress'>127.0.0.1</Data><Data Name='IpPort'>51475</Data></EventData></Event>
<Event xmlns='http://schemas.microsoft.com/win/2004/08/events/event'><System><Provider Name='Microsoft-Windows-Security-Auditing' Guid='{54849625-5478-4994-A5BA-3E3B0328C30D}'/>
<EventID>4624</EventID>
<Version>0</Version><Level>0</Level><Task>12544</Task><Opcode>0</Opcode><Keywords>0x8020000000000000</Keywords><TimeCreated SystemTime='2011-04-15T14:59:58.593750000Z'/>
<EventRecordID>1332679</EventRecordID><Correlation/><Execution ProcessID='452' ThreadID='3224'/><Channel>Security</Channel><Computer>DC01.AFC.com</Computer><Security/></System>
<EventData><Data Name='SubjectUserSid'>S-1-0-0</Data><Data Name='SubjectUserName'>-</Data><Data Name='SubjectDomainName'>-</Data><Data Name='SubjectLogonId'>0x0</Data><Data Name='TargetUserSid'>S-1-5-21-2795111079-3225111112-3329435632-1110</Data>
<Data Name='TargetUserName'>VCENTER$</Data>
<Data Name='TargetDomainName'>AFC</Data><Data Name='TargetLogonId'>0x33649b9</Data><Data Name='LogonType'>3</Data><Data Name='LogonProcessName'>Kerberos</Data><Data Name='AuthenticationPackageName'>Kerberos</Data><Data Name='WorkstationName'></Data><Data Name='LogonGuid'>{94B9DFF6-7CC2-9CCF-F9F2-3370C6F263AF}</Data><Data Name='TransmittedServices'>-</Data><Data Name='LmPackageName'>-</Data><Data Name='KeyLength'>0</Data><Data Name='ProcessId'>0x0</Data><Data Name='ProcessName'>-</Data><Data Name='IpAddress'>192.168.1.10</Data><Data Name='IpPort'>63309</Data></EventData></Event>
<Event xmlns='http://schemas.microsoft.com/win/2004/08/events/event'><System><Provider Name='Microsoft-Windows-Security-Auditing' Guid='{54849625-5478-4994-A5BA-3E3B0328C30D}'/>
<EventID>4624</EventID>
<Version>0</Version><Level>0</Level><Task>12544</Task><Opcode>0</Opcode><Keywords>0x8020000000000000</Keywords><TimeCreated SystemTime='2011-04-15T14:59:55.375000000Z'/>
<EventRecordID>1332678</EventRecordID><Correlation/><Execution ProcessID='452' ThreadID='3224'/><Channel>Security</Channel><Computer>DC01.AFC.com</Computer><Security/></System>
<EventData><Data Name='SubjectUserSid'>S-1-0-0</Data><Data Name='SubjectUserName'>-</Data><Data Name='SubjectDomainName'>-</Data><Data Name='SubjectLogonId'>0x0</Data><Data Name='TargetUserSid'>S-1-5-21-2795111079-3225111112-3329435632-1276</Data>
<Data Name='TargetUserName'>WS092$</Data>
<Data Name='TargetDomainName'>AFC</Data><Data Name='TargetLogonId'>0x33645a1</Data><Data Name='LogonType'>3</Data><Data Name='LogonProcessName'>Kerberos</Data><Data Name='AuthenticationPackageName'>Kerberos</Data><Data Name='WorkstationName'></Data><Data Name='LogonGuid'>{98B41D94-D647-5170-F7CD-2B818F3F2125}</Data><Data Name='TransmittedServices'>-</Data><Data Name='LmPackageName'>-</Data><Data Name='KeyLength'>0</Data><Data Name='ProcessId'>0x0</Data><Data Name='ProcessName'>-</Data><Data Name='IpAddress'>192.168.2.99</Data><Data Name='IpPort'>2635</Data></EventData></Event>
<Event xmlns='http://schemas.microsoft.com/win/2004/08/events/event'><System><Provider Name='Microsoft-Windows-Security-Auditing' Guid='{54849625-5478-4994-A5BA-3E3B0328C30D}'/>
<EventID>4624</EventID>
<Version>0</Version><Level>0</Level><Task>12544</Task><Opcode>0</Opcode><Keywords>0x8020000000000000</Keywords><TimeCreated SystemTime='2011-04-15T14:59:43.890625000Z'/>
<EventRecordID>1332671</EventRecordID><Correlation/><Execution ProcessID='452' ThreadID='3224'/><Channel>Security</Channel><Computer>DC01.AFC.com</Computer><Security/></System>
<EventData><Data Name='SubjectUserSid'>S-1-0-0</Data><Data Name='SubjectUserName'>-</Data><Data Name='SubjectDomainName'>-</Data><Data Name='SubjectLogonId'>0x0</Data><Data Name='TargetUserSid'>S-1-5-21-2795111079-3225111112-3329435632-1251</Data>
<Data Name='TargetUserName'>WS054$</Data>
<Data Name='TargetDomainName'>AFC</Data><Data Name='TargetLogonId'>0x3364520</Data><Data Name='LogonType'>3</Data><Data Name='LogonProcessName'>Kerberos</Data><Data Name='AuthenticationPackageName'>Kerberos</Data><Data Name='WorkstationName'></Data><Data Name='LogonGuid'>{BB0D5103-684B-A2A2-35BE-3AEC48548C75}</Data><Data Name='TransmittedServices'>-</Data><Data Name='LmPackageName'>-</Data><Data Name='KeyLength'>0</Data><Data Name='ProcessId'>0x0</Data><Data Name='ProcessName'>-</Data><Data Name='IpAddress'>192.168.2.62</Data><Data Name='IpPort'>2748</Data></EventData></Event>
<Event xmlns='http://schemas.microsoft.com/win/2004/08/events/event'><System><Provider Name='Microsoft-Windows-Security-Auditing' Guid='{54849625-5478-4994-A5BA-3E3B0328C30D}'/>
<EventID>4624</EventID>
<Version>0</Version><Level>0</Level><Task>12544</Task><Opcode>0</Opcode><Keywords>0x8020000000000000</Keywords><TimeCreated SystemTime='2011-04-15T14:59:43.890625000Z'/>
<EventRecordID>1332670</EventRecordID><Correlation/><Execution ProcessID='452' ThreadID='3844'/><Channel>Security</Channel><Computer>DC01.AFC.com</Computer><Security/></System>
<EventData><Data Name='SubjectUserSid'>S-1-0-0</Data><Data Name='SubjectUserName'>-</Data><Data Name='SubjectDomainName'>-</Data><Data Name='SubjectLogonId'>0x0</Data><Data Name='TargetUserSid'>S-1-5-21-2795111079-3225111112-3329435632-1251</Data>
<Data Name='TargetUserName'>WS054$</Data>
<Data Name='TargetDomainName'>AFC</Data><Data Name='TargetLogonId'>0x3364511</Data><Data Name='LogonType'>3</Data><Data Name='LogonProcessName'>Kerberos</Data><Data Name='AuthenticationPackageName'>Kerberos</Data><Data Name='WorkstationName'></Data><Data Name='LogonGuid'>{7984981C-1CF7-BACF-D768-48E8D6BEC829}</Data><Data Name='TransmittedServices'>-</Data><Data Name='LmPackageName'>-</Data><Data Name='KeyLength'>0</Data><Data Name='ProcessId'>0x0</Data><Data Name='ProcessName'>-</Data><Data Name='IpAddress'>192.168.2.62</Data><Data Name='IpPort'>2747</Data></EventData></Event>
<Event xmlns='http://schemas.microsoft.com/win/2004/08/events/event'><System><Provider Name='Microsoft-Windows-Security-Auditing' Guid='{54849625-5478-4994-A5BA-3E3B0328C30D}'/>
<EventID>4624</EventID>
<Version>0</Version><Level>0</Level><Task>12544</Task><Opcode>0</Opcode><Keywords>0x8020000000000000</Keywords><TimeCreated SystemTime='2011-04-15T14:59:43.875000000Z'/>
<EventRecordID>1332669</EventRecordID><Correlation/><Execution ProcessID='452' ThreadID='3844'/><Channel>Security</Channel><Computer>DC01.AFC.com</Computer><Security/></System>
<EventData><Data Name='SubjectUserSid'>S-1-0-0</Data><Data Name='SubjectUserName'>-</Data><Data Name='SubjectDomainName'>-</Data><Data Name='SubjectLogonId'>0x0</Data><Data Name='TargetUserSid'>S-1-5-21-2795111079-3225111112-3329435632-1251</Data>
<Data Name='TargetUserName'>WS054$</Data>
<Data Name='TargetDomainName'>AFC</Data><Data Name='TargetLogonId'>0x3364501</Data><Data Name='LogonType'>3</Data><Data Name='LogonProcessName'>Kerberos</Data><Data Name='AuthenticationPackageName'>Kerberos</Data><Data Name='WorkstationName'></Data><Data Name='LogonGuid'>{7984981C-1CF7-BACF-D768-48E8D6BEC829}</Data><Data Name='TransmittedServices'>-</Data><Data Name='LmPackageName'>-</Data><Data Name='KeyLength'>0</Data><Data Name='ProcessId'>0x0</Data><Data Name='ProcessName'>-</Data><Data Name='IpAddress'>192.168.2.62</Data><Data Name='IpPort'>2746</Data></EventData></Event>
<Event xmlns='http://schemas.microsoft.com/win/2004/08/events/event'><System><Provider Name='Microsoft-Windows-Security-Auditing' Guid='{54849625-5478-4994-A5BA-3E3B0328C30D}'/>
<EventID>4624</EventID>
<Version>0</Version><Level>0</Level><Task>12544</Task><Opcode>0</Opcode><Keywords>0x8020000000000000</Keywords><TimeCreated SystemTime='2011-04-15T14:59:43.765625000Z'/>
<EventRecordID>1332668</EventRecordID><Correlation/><Execution ProcessID='452' ThreadID='3900'/><Channel>Security</Channel><Computer>DC01.AFC.com</Computer><Security/></System>
<EventData><Data Name='SubjectUserSid'>S-1-0-0</Data><Data Name='SubjectUserName'>-</Data><Data Name='SubjectDomainName'>-</Data><Data Name='SubjectLogonId'>0x0</Data><Data Name='TargetUserSid'>S-1-5-21-2795111079-3225111112-3329435632-1251</Data>
<Data Name='TargetUserName'>WS054$</Data>
<Data Name='TargetDomainName'>AFC</Data><Data Name='TargetLogonId'>0x33644eb</Data><Data Name='LogonType'>3</Data><Data Name='LogonProcessName'>Kerberos</Data><Data Name='AuthenticationPackageName'>Kerberos</Data><Data Name='WorkstationName'></Data><Data Name='LogonGuid'>{4E8DB588-343F-0512-6278-EE4D645993B5}</Data><Data Name='TransmittedServices'>-</Data><Data Name='LmPackageName'>-</Data><Data Name='KeyLength'>0</Data><Data Name='ProcessId'>0x0</Data><Data Name='ProcessName'>-</Data><Data Name='IpAddress'>192.168.2.62</Data><Data Name='IpPort'>2743</Data></EventData></Event>
<Event xmlns='http://schemas.microsoft.com/win/2004/08/events/event'><System><Provider Name='Microsoft-Windows-Security-Auditing' Guid='{54849625-5478-4994-A5BA-3E3B0328C30D}'/>
<EventID>4624</EventID>
<Version>0</Version><Level>0</Level><Task>12544</Task><Opcode>0</Opcode><Keywords>0x8020000000000000</Keywords><TimeCreated SystemTime='2011-04-15T14:59:43.203125000Z'/>
<EventRecordID>1332667</EventRecordID><Correlation/><Execution ProcessID='452' ThreadID='3224'/><Channel>Security</Channel><Computer>DC01.AFC.com</Computer><Security/></System>
<EventData><Data Name='SubjectUserSid'>S-1-0-0</Data><Data Name='SubjectUserName'>-</Data><Data Name='SubjectDomainName'>-</Data><Data Name='SubjectLogonId'>0x0</Data><Data Name='TargetUserSid'>S-1-5-21-2795111079-3225111112-3329435632-1615</Data>
<Data Name='TargetUserName'>sophia.richards</Data>
<Data Name='TargetDomainName'>AFC</Data><Data Name='TargetLogonId'>0x33644d5</Data><Data Name='LogonType'>3</Data><Data Name='LogonProcessName'>Kerberos</Data><Data Name='AuthenticationPackageName'>Kerberos</Data><Data Name='WorkstationName'></Data><Data Name='LogonGuid'>{DD519030-9220-2817-8869-3C21458B4976}</Data><Data Name='TransmittedServices'>-</Data><Data Name='LmPackageName'>-</Data><Data Name='KeyLength'>0</Data><Data Name='ProcessId'>0x0</Data><Data Name='ProcessName'>-</Data><Data Name='IpAddress'>192.168.2.156</Data><Data Name='IpPort'>4892</Data></EventData></Event>
<Event xmlns='http://schemas.microsoft.com/win/2004/08/events/event'><System><Provider Name='Microsoft-Windows-Security-Auditing' Guid='{54849625-5478-4994-A5BA-3E3B0328C30D}'/>
<EventID>4624</EventID>
<Version>0</Version><Level>0</Level><Task>12544</Task><Opcode>0</Opcode><Keywords>0x8020000000000000</Keywords><TimeCreated SystemTime='2011-04-15T14:59:43.187500000Z'/>
<EventRecordID>1332666</EventRecordID><Correlation/><Execution ProcessID='452' ThreadID='3224'/><Channel>Security</Channel><Computer>DC01.AFC.com</Computer><Security/></System>
<EventData><Data Name='SubjectUserSid'>S-1-0-0</Data><Data Name='SubjectUserName'>-</Data><Data Name='SubjectDomainName'>-</Data><Data Name='SubjectLogonId'>0x0</Data><Data Name='TargetUserSid'>S-1-5-21-2795111079-3225111112-3329435632-1615</Data>
<Data Name='TargetUserName'>sophia.richards</Data>
<Data Name='TargetDomainName'>AFC</Data><Data Name='TargetLogonId'>0x33644c1</Data><Data Name='LogonType'>3</Data><Data Name='LogonProcessName'>Kerberos</Data><Data Name='AuthenticationPackageName'>Kerberos</Data><Data Name='WorkstationName'></Data><Data Name='LogonGuid'>{DD519030-9220-2817-8869-3C21458B4976}</Data><Data Name='TransmittedServices'>-</Data><Data Name='LmPackageName'>-</Data><Data Name='KeyLength'>0</Data><Data Name='ProcessId'>0x0</Data><Data Name='ProcessName'>-</Data><Data Name='IpAddress'>192.168.2.156</Data><Data Name='IpPort'>4890</Data></EventData></Event>
<Event xmlns='http://schemas.microsoft.com/win/2004/08/events/event'><System><Provider Name='Microsoft-Windows-Security-Auditing' Guid='{54849625-5478-4994-A5BA-3E3B0328C30D}'/>
<EventID>4624</EventID>
<Version>0</Version><Level>0</Level><Task>12544</Task><Opcode>0</Opcode><Keywords>0x8020000000000000</Keywords><TimeCreated SystemTime='2011-04-15T14:59:41.296875000Z'/>
<EventRecordID>1332664</EventRecordID><Correlation/><Execution ProcessID='452' ThreadID='3224'/><Channel>Security</Channel><Computer>DC01.AFC.com</Computer><Security/></System>
<EventData><Data Name='SubjectUserSid'>S-1-0-0</Data><Data Name='SubjectUserName'>-</Data><Data Name='SubjectDomainName'>-</Data><Data Name='SubjectLogonId'>0x0</Data><Data Name='TargetUserSid'>S-1-5-21-2795111079-3225111112-3329435632-1327</Data>
<Data Name='TargetUserName'>DC2$</Data>
<Data Name='TargetDomainName'>AFC</Data><Data Name='TargetLogonId'>0x3364494</Data><Data Name='LogonType'>3</Data><Data Name='LogonProcessName'>Kerberos</Data><Data Name='AuthenticationPackageName'>Kerberos</Data><Data Name='WorkstationName'></Data><Data Name='LogonGuid'>{7559DDF5-8466-8110-34C3-C4D2B69ECED0}</Data><Data Name='TransmittedServices'>-</Data><Data Name='LmPackageName'>-</Data><Data Name='KeyLength'>0</Data><Data Name='ProcessId'>0x0</Data><Data Name='ProcessName'>-</Data><Data Name='IpAddress'>192.168.1.14</Data><Data Name='IpPort'>65446</Data></EventData></Event>
<Event xmlns='http://schemas.microsoft.com/win/2004/08/events/event'><System><Provider Name='Microsoft-Windows-Security-Auditing' Guid='{54849625-5478-4994-A5BA-3E3B0328C30D}'/>
<EventID>4624</EventID>
<Version>0</Version><Level>0</Level><Task>12544</Task><Opcode>0</Opcode><Keywords>0x8020000000000000</Keywords><TimeCreated SystemTime='2011-04-15T14:59:35.234375000Z'/>
<EventRecordID>1332662</EventRecordID><Correlation/><Execution ProcessID='452' ThreadID='3224'/><Channel>Security</Channel><Computer>DC01.AFC.com</Computer><Security/></System>
<EventData><Data Name='SubjectUserSid'>S-1-0-0</Data><Data Name='SubjectUserName'>-</Data><Data Name='SubjectDomainName'>-</Data><Data Name='SubjectLogonId'>0x0</Data><Data Name='TargetUserSid'>S-1-5-21-2795111079-3225111112-3329435632-1304</Data>
<Data Name='TargetUserName'>WS110$</Data>
<Data Name='TargetDomainName'>AFC</Data><Data Name='TargetLogonId'>0x3364444</Data><Data Name='LogonType'>3</Data><Data Name='LogonProcessName'>Kerberos</Data><Data Name='AuthenticationPackageName'>Kerberos</Data><Data Name='WorkstationName'></Data><Data Name='LogonGuid'>{2C69792B-D2C3-9882-191D-3245EFE0468F}</Data><Data Name='TransmittedServices'>-</Data><Data Name='LmPackageName'>-</Data><Data Name='KeyLength'>0</Data><Data Name='ProcessId'>0x0</Data><Data Name='ProcessName'>-</Data><Data Name='IpAddress'>192.168.2.119</Data><Data Name='IpPort'>3460</Data></EventData></Event>
<Event xmlns='http://schemas.microsoft.com/win/2004/08/events/event'><System><Provider Name='Microsoft-Windows-Security-Auditing' Guid='{54849625-5478-4994-A5BA-3E3B0328C30D}'/>
<EventID>4624</EventID>
<Version>0</Version><Level>0</Level><Task>12544</Task><Opcode>0</Opcode><Keywords>0x8020000000000000</Keywords><TimeCreated SystemTime='2011-04-15T14:59:18.203125000Z'/>
<EventRecordID>1332654</EventRecordID><Correlation/><Execution ProcessID='452' ThreadID='3224'/><Channel>Security</Channel><Computer>DC01.AFC.com</Computer><Security/></System>
<EventData><Data Name='SubjectUserSid'>S-1-0-0</Data><Data Name='SubjectUserName'>-</Data><Data Name='SubjectDomainName'>-</Data><Data Name='SubjectLogonId'>0x0</Data><Data Name='TargetUserSid'>S-1-5-21-2795111079-3225111112-3329435632-1206</Data>
<Data Name='TargetUserName'>WS030$</Data>
<Data Name='TargetDomainName'>AFC</Data><Data Name='TargetLogonId'>0x33642e7</Data><Data Name='LogonType'>3</Data><Data Name='LogonProcessName'>Kerberos</Data><Data Name='AuthenticationPackageName'>Kerberos</Data><Data Name='WorkstationName'></Data><Data Name='LogonGuid'>{6836C961-B251-7B4D-0BF9-5DD90786729D}</Data><Data Name='TransmittedServices'>-</Data><Data Name='LmPackageName'>-</Data><Data Name='KeyLength'>0</Data><Data Name='ProcessId'>0x0</Data><Data Name='ProcessName'>-</Data><Data Name='IpAddress'>192.168.2.50</Data><Data Name='IpPort'>4687</Data></EventData></Event>
<Event xmlns='http://schemas.microsoft.com/win/2004/08/events/event'><System><Provider Name='Microsoft-Windows-Security-Auditing' Guid='{54849625-5478-4994-A5BA-3E3B0328C30D}'/>
<EventID>4624</EventID>
<Version>0</Version><Level>0</Level><Task>12544</Task><Opcode>0</Opcode><Keywords>0x8020000000000000</Keywords><TimeCreated SystemTime='2011-04-15T14:59:18.187500000Z'/>
<EventRecordID>1332653</EventRecordID><Correlation/><Execution ProcessID='452' ThreadID='3844'/><Channel>Security</Channel><Computer>DC01.AFC.com</Computer><Security/></System>
<EventData><Data Name='SubjectUserSid'>S-1-0-0</Data><Data Name='SubjectUserName'>-</Data><Data Name='SubjectDomainName'>-</Data><Data Name='SubjectLogonId'>0x0</Data><Data Name='TargetUserSid'>S-1-5-21-2795111079-3225111112-3329435632-1206</Data>
<Data Name='TargetUserName'>WS030$</Data>
<Data Name='TargetDomainName'>AFC</Data><Data Name='TargetLogonId'>0x33642d8</Data><Data Name='LogonType'>3</Data><Data Name='LogonProcessName'>Kerberos</Data><Data Name='AuthenticationPackageName'>Kerberos</Data><Data Name='WorkstationName'></Data><Data Name='LogonGuid'>{32EF972D-90C6-05CF-F6E7-3917495BCA42}</Data><Data Name='TransmittedServices'>-</Data><Data Name='LmPackageName'>-</Data><Data Name='KeyLength'>0</Data><Data Name='ProcessId'>0x0</Data><Data Name='ProcessName'>-</Data><Data Name='IpAddress'>192.168.2.50</Data><Data Name='IpPort'>4686</Data></EventData></Event>
<Event xmlns='http://schemas.microsoft.com/win/2004/08/events/event'><System><Provider Name='Microsoft-Windows-Security-Auditing' Guid='{54849625-5478-4994-A5BA-3E3B0328C30D}'/>
<EventID>4624</EventID>
<Version>0</Version><Level>0</Level><Task>12544</Task><Opcode>0</Opcode><Keywords>0x8020000000000000</Keywords><TimeCreated SystemTime='2011-04-15T14:59:18.187500000Z'/>
<EventRecordID>1332652</EventRecordID><Correlation/><Execution ProcessID='452' ThreadID='3844'/><Channel>Security</Channel><Computer>DC01.AFC.com</Computer><Security/></System>
<EventData><Data Name='SubjectUserSid'>S-1-0-0</Data><Data Name='SubjectUserName'>-</Data><Data Name='SubjectDomainName'>-</Data><Data Name='SubjectLogonId'>0x0</Data><Data Name='TargetUserSid'>S-1-5-21-2795111079-3225111112-3329435632-1206</Data>
<Data Name='TargetUserName'>WS030$</Data>
<Data Name='TargetDomainName'>AFC</Data><Data Name='TargetLogonId'>0x33642c8</Data><Data Name='LogonType'>3</Data><Data Name='LogonProcessName'>Kerberos</Data><Data Name='AuthenticationPackageName'>Kerberos</Data><Data Name='WorkstationName'></Data><Data Name='LogonGuid'>{32EF972D-90C6-05CF-F6E7-3917495BCA42}</Data><Data Name='TransmittedServices'>-</Data><Data Name='LmPackageName'>-</Data><Data Name='KeyLength'>0</Data><Data Name='ProcessId'>0x0</Data><Data Name='ProcessName'>-</Data><Data Name='IpAddress'>192.168.2.50</Data><Data Name='IpPort'>4684</Data></EventData></Event>
<Event xmlns='http://schemas.microsoft.com/win/2004/08/events/event'><System><Provider Name='Microsoft-Windows-Security-Auditing' Guid='{54849625-5478-4994-A5BA-3E3B0328C30D}'/>
<EventID>4624</EventID>
<Version>0</Version><Level>0</Level><Task>12544</Task><Opcode>0</Opcode><Keywords>0x8020000000000000</Keywords><TimeCreated SystemTime='2011-04-15T14:59:18.062500000Z'/>
<EventRecordID>1332649</EventRecordID><Correlation/><Execution ProcessID='452' ThreadID='3900'/><Channel>Security</Channel><Computer>DC01.AFC.com</Computer><Security/></System>
<EventData><Data Name='SubjectUserSid'>S-1-0-0</Data><Data Name='SubjectUserName'>-</Data><Data Name='SubjectDomainName'>-</Data><Data Name='SubjectLogonId'>0x0</Data><Data Name='TargetUserSid'>S-1-5-21-2795111079-3225111112-3329435632-1206</Data>
<Data Name='TargetUserName'>WS030$</Data>
<Data Name='TargetDomainName'>AFC</Data><Data Name='TargetLogonId'>0x33642b2</Data><Data Name='LogonType'>3</Data><Data Name='LogonProcessName'>Kerberos</Data><Data Name='AuthenticationPackageName'>Kerberos</Data><Data Name='WorkstationName'></Data><Data Name='LogonGuid'>{4D004BCF-CC03-50DD-A3BF-6E451C275442}</Data><Data Name='TransmittedServices'>-</Data><Data Name='LmPackageName'>-</Data><Data Name='KeyLength'>0</Data><Data Name='ProcessId'>0x0</Data><Data Name='ProcessName'>-</Data><Data Name='IpAddress'>192.168.2.50</Data><Data Name='IpPort'>4679</Data></EventData></Event>
<Event xmlns='http://schemas.microsoft.com/win/2004/08/events/event'><System><Provider Name='Microsoft-Windows-Security-Auditing' Guid='{54849625-5478-4994-A5BA-3E3B0328C30D}'/>
<EventID>4624</EventID>
<Version>0</Version><Level>0</Level><Task>12544</Task><Opcode>0</Opcode><Keywords>0x8020000000000000</Keywords><TimeCreated SystemTime='2011-04-15T14:59:16.046875000Z'/>
<EventRecordID>1332646</EventRecordID><Correlation/><Execution ProcessID='452' ThreadID='3224'/><Channel>Security</Channel><Computer>DC01.AFC.com</Computer><Security/></System>
<EventData><Data Name='SubjectUserSid'>S-1-0-0</Data><Data Name='SubjectUserName'>-</Data><Data Name='SubjectDomainName'>-</Data><Data Name='SubjectLogonId'>0x0</Data><Data Name='TargetUserSid'>S-1-5-21-2795111079-3225111112-3329435632-1299</Data>
<Data Name='TargetUserName'>WS106$</Data>
<Data Name='TargetDomainName'>AFC</Data><Data Name='TargetLogonId'>0x3364293</Data><Data Name='LogonType'>3</Data><Data Name='LogonProcessName'>Kerberos</Data><Data Name='AuthenticationPackageName'>Kerberos</Data><Data Name='WorkstationName'></Data><Data Name='LogonGuid'>{B21B0616-C9D1-B9AD-6841-02E7CC6FEF32}</Data><Data Name='TransmittedServices'>-</Data><Data Name='LmPackageName'>-</Data><Data Name='KeyLength'>0</Data><Data Name='ProcessId'>0x0</Data><Data Name='ProcessName'>-</Data><Data Name='IpAddress'>192.168.2.115</Data><Data Name='IpPort'>1757</Data></EventData></Event>
<Event xmlns='http://schemas.microsoft.com/win/2004/08/events/event'><System><Provider Name='Microsoft-Windows-Security-Auditing' Guid='{54849625-5478-4994-A5BA-3E3B0328C30D}'/>
<EventID>4624</EventID>
<Version>0</Version><Level>0</Level><Task>12544</Task><Opcode>0</Opcode><Keywords>0x8020000000000000</Keywords><TimeCreated SystemTime='2011-04-15T14:59:14.921875000Z'/>
<EventRecordID>1332645</EventRecordID><Correlation/><Execution ProcessID='452' ThreadID='3224'/><Channel>Security</Channel><Computer>DC01.AFC.com</Computer><Security/></System>
<EventData><Data Name='SubjectUserSid'>S-1-0-0</Data><Data Name='SubjectUserName'>-</Data><Data Name='SubjectDomainName'>-</Data><Data Name='SubjectLogonId'>0x0</Data><Data Name='TargetUserSid'>S-1-5-21-2795111079-3225111112-3329435632-1302</Data>
<Data Name='TargetUserName'>WS108$</Data>
<Data Name='TargetDomainName'>AFC</Data><Data Name='TargetLogonId'>0x336427e</Data><Data Name='LogonType'>3</Data><Data Name='LogonProcessName'>Kerberos</Data><Data Name='AuthenticationPackageName'>Kerberos</Data><Data Name='WorkstationName'></Data><Data Name='LogonGuid'>{56A0AC9A-0C38-B2FE-BD69-70FA4E6AB93F}</Data><Data Name='TransmittedServices'>-</Data><Data Name='LmPackageName'>-</Data><Data Name='KeyLength'>0</Data><Data Name='ProcessId'>0x0</Data><Data Name='ProcessName'>-</Data><Data Name='IpAddress'>192.168.2.117</Data><Data Name='IpPort'>1342</Data></EventData></Event>
